# Logfile created on 2011-05-28 21:06:08 +0800 by logger.rb/25413
MongoDB logging. Please note that logging negatively impacts performance and should be disabled for high-performance production apps.
MONGODB admin['$cmd'].find({:ismaster=>1})
MONGODB admin['$cmd'].find({:ismaster=>1})
MONGODB g0_development['users'].find({:name=>"admin"})
admin alread created
MongoDB logging. Please note that logging negatively impacts performance and should be disabled for high-performance production apps.
MONGODB admin['$cmd'].find({:ismaster=>1})
MONGODB admin['$cmd'].find({:ismaster=>1})
MONGODB g0_development['users'].find({:name=>"admin"})
admin alread created


Started GET "/" for 127.0.0.1 at 2011-05-28 21:07:44 +0800
  Processing by CargosController#search as HTML
MONGODB g0_development['searches'].insert([{"_id"=>BSON::ObjectId('4de0f3a104b2ef0168000001'), "fcity_code"=>"100000000000", "fcity_name"=>"出发地选择", "tcity_name"=>"到达地选择", "tcity_code"=>"100000000000", "updated_at"=>2011-05-28 13:07:45 UTC, "created_at"=>2011-05-28 13:07:45 UTC}])
MONGODB g0_development['$cmd'].find({"count"=>"cargos", "query"=>{:status=>"正在配车"}, "fields"=>nil})
MONGODB g0_development['cargos'].find({:status=>"正在配车"}).limit(20).sort([[:updated_at, :desc]])
Rendered cargos/_cargolist.html.erb (453.1ms)
Rendered cargos/search.html.erb within layouts/public (453.1ms)
Completed   in 469ms

ActionView::Template::Error (undefined method `will_paginate' for #<#<Class:0x35664d8>:0x3564cf0>):
    56:     <% end %>
    57:   </table>
    58: 
    59: <%= will_paginate @cargos ,:class=>"page_navi_link",:action=>"search",:params=>{:from=>@search.fcity_code, :to=>@search.tcity_code}%>
    60: 
    61: <%else%>
    62:   <p>
  app/views/cargos/_cargolist.html.erb:59:in `_app_views_cargos__cargolist_html_erb___223193028_27944760__90078006'
  app/views/cargos/search.html.erb:4:in `_app_views_cargos_search_html_erb__394277768_27989556_98026207'
  app/controllers/cargos_controller.rb:65:in `block (2 levels) in search'
  app/controllers/cargos_controller.rb:61:in `search'


Rendered c:/Ruby192/lib/ruby/gems/1.9.1/gems/actionpack-3.0.7/lib/action_dispatch/middleware/templates/rescues/_trace.erb (0.0ms)
Rendered c:/Ruby192/lib/ruby/gems/1.9.1/gems/actionpack-3.0.7/lib/action_dispatch/middleware/templates/rescues/_request_and_response.erb (0.0ms)
Rendered c:/Ruby192/lib/ruby/gems/1.9.1/gems/actionpack-3.0.7/lib/action_dispatch/middleware/templates/rescues/template_error.erb within rescues/layout (31.2ms)
MongoDB logging. Please note that logging negatively impacts performance and should be disabled for high-performance production apps.
MONGODB admin['$cmd'].find({:ismaster=>1})
MONGODB admin['$cmd'].find({:ismaster=>1})
MONGODB g0_development['users'].find({:name=>"admin"})
admin alread created


Started GET "/" for 127.0.0.1 at 2011-05-28 21:13:43 +0800
  Processing by CargosController#search as HTML
MONGODB g0_development['searches'].insert([{"_id"=>BSON::ObjectId('4de0f50804b2ef0ce8000001'), "fcity_code"=>"100000000000", "fcity_name"=>"出发地选择", "tcity_name"=>"到达地选择", "tcity_code"=>"100000000000", "updated_at"=>2011-05-28 13:13:44 UTC, "created_at"=>2011-05-28 13:13:44 UTC}])
MONGODB g0_development['$cmd'].find({"count"=>"cargos", "query"=>{:status=>"正在配车"}, "fields"=>nil})
MONGODB g0_development['cargos'].find({:status=>"正在配车"}).limit(20).sort([[:updated_at, :desc]])
Rendered cargos/_cargolist.html.erb (359.4ms)
Rendered shared/_html_header.erb (0.0ms)
MONGODB g0_development['users'].find({:_id=>BSON::ObjectId('4de0b78404b2ef0edc000001')})
MONGODB g0_development['users'].find({:_id=>BSON::ObjectId('4de0b78404b2ef0edc000001')})
MONGODB g0_development['ustatistics'].find({:_id=>BSON::ObjectId('4de0b78404b2ef0edc000002')})
MONGODB g0_development['$cmd'].find({"count"=>"cargos", "query"=>{:status=>"正在配车"}, "fields"=>nil})
MONGODB g0_development['$cmd'].find({"count"=>"trucks", "query"=>{:status=>"正在配货"}, "fields"=>nil})
Rendered shared/_navibar.html.erb (62.5ms)
Rendered shared/_float_show.html.erb (0.0ms)
Rendered cargos/search.html.erb within layouts/public (515.6ms)
Completed 200 OK in 516ms (Views: 515.6ms)


Started GET "/admin" for 127.0.0.1 at 2011-05-28 21:13:48 +0800
  Processing by AdminController#index as HTML
MONGODB g0_development['$cmd'].find({"count"=>"cargos", "query"=>{:created_at=>{"$lte"=>2011-05-28 13:13:52 UTC, "$gte"=>2011-05-27 13:13:52 UTC}}, "fields"=>nil})
MONGODB g0_development['$cmd'].find({"count"=>"trucks", "query"=>{:created_at=>{"$lte"=>2011-05-28 13:13:52 UTC, "$gte"=>2011-05-27 13:13:52 UTC}}, "fields"=>nil})
MONGODB g0_development['$cmd'].find({"count"=>"quotes", "query"=>{:created_at=>{"$lte"=>2011-05-28 13:13:52 UTC, "$gte"=>2011-05-27 13:13:52 UTC}}, "fields"=>nil})
MONGODB g0_development['$cmd'].find({"count"=>"inqueries", "query"=>{:created_at=>{"$lte"=>2011-05-28 13:13:52 UTC, "$gte"=>2011-05-27 13:13:52 UTC}}, "fields"=>nil})
MONGODB g0_development['$cmd'].find({"count"=>"users", "query"=>{:created_at=>{"$lte"=>2011-05-28 13:13:52 UTC, "$gte"=>2011-05-27 13:13:52 UTC}}, "fields"=>nil})
MONGODB g0_development['$cmd'].find({"count"=>"companies", "query"=>{:created_at=>{"$lte"=>2011-05-28 13:13:52 UTC, "$gte"=>2011-05-27 13:13:52 UTC}}, "fields"=>nil})
MONGODB g0_development['$cmd'].find({"count"=>"cargos", "query"=>{:created_at=>{"$lte"=>2011-05-27 13:13:52 UTC, "$gte"=>2011-05-26 13:13:52 UTC}}, "fields"=>nil})
MONGODB g0_development['$cmd'].find({"count"=>"trucks", "query"=>{:created_at=>{"$lte"=>2011-05-27 13:13:52 UTC, "$gte"=>2011-05-26 13:13:52 UTC}}, "fields"=>nil})
MONGODB g0_development['$cmd'].find({"count"=>"quotes", "query"=>{:created_at=>{"$lte"=>2011-05-27 13:13:52 UTC, "$gte"=>2011-05-26 13:13:52 UTC}}, "fields"=>nil})
MONGODB g0_development['$cmd'].find({"count"=>"inqueries", "query"=>{:created_at=>{"$lte"=>2011-05-27 13:13:52 UTC, "$gte"=>2011-05-26 13:13:52 UTC}}, "fields"=>nil})
MONGODB g0_development['$cmd'].find({"count"=>"users", "query"=>{:created_at=>{"$lte"=>2011-05-27 13:13:52 UTC, "$gte"=>2011-05-26 13:13:52 UTC}}, "fields"=>nil})
MONGODB g0_development['$cmd'].find({"count"=>"companies", "query"=>{:created_at=>{"$lte"=>2011-05-27 13:13:52 UTC, "$gte"=>2011-05-26 13:13:52 UTC}}, "fields"=>nil})
MONGODB g0_development['$cmd'].find({"count"=>"users", "query"=>{}, "fields"=>nil})
MONGODB g0_development['$cmd'].find({"count"=>"companies", "query"=>{}, "fields"=>nil})
MONGODB g0_development['$cmd'].find({"count"=>"cargos", "query"=>{}, "fields"=>nil})
MONGODB g0_development['$cmd'].find({"count"=>"cargos", "query"=>{:status=>"正在配车"}, "fields"=>nil})
MONGODB g0_development['$cmd'].find({"count"=>"trucks", "query"=>{}, "fields"=>nil})
MONGODB g0_development['$cmd'].find({"count"=>"trucks", "query"=>{:status=>"正在配货"}, "fields"=>nil})
MONGODB g0_development['$cmd'].find({"count"=>"expired_cargos", "query"=>{}, "fields"=>nil})
MONGODB g0_development['$cmd'].find({"count"=>"expired_trucks", "query"=>{}, "fields"=>nil})
Rendered shared/_html_header.erb (0.0ms)
MONGODB g0_development['users'].find({:_id=>BSON::ObjectId('4de0b78404b2ef0edc000001')})
MONGODB g0_development['users'].find({:_id=>BSON::ObjectId('4de0b78404b2ef0edc000001')})
MONGODB g0_development['ustatistics'].find({:_id=>BSON::ObjectId('4de0b78404b2ef0edc000002')})
MONGODB g0_development['$cmd'].find({"count"=>"scans", "query"=>{}, "fields"=>nil})
MONGODB g0_development['$cmd'].find({"count"=>"moves", "query"=>{}, "fields"=>nil})
MONGODB g0_development['$cmd'].find({"count"=>"grasp_records", "query"=>{}, "fields"=>nil})
MONGODB g0_development['$cmd'].find({"count"=>"lib_companies", "query"=>{}, "fields"=>nil})
Rendered shared/_adminbar.html.erb (0.0ms)
Rendered shared/_float_show.html.erb (0.0ms)
Rendered admin/index.html.erb within layouts/admin (375.0ms)
Completed 200 OK in 406ms (Views: 390.6ms)


Started GET "/scans/scaninfo" for 127.0.0.1 at 2011-05-28 21:14:22 +0800
  Processing by ScansController#scaninfo as HTML
MONGODB g0_development['$cmd'].find({"count"=>"scans", "query"=>{}, "fields"=>nil})
MONGODB g0_development['scans'].find({}).limit(20).sort([[:created_at, :desc]])
Rendered shared/_html_header.erb (0.0ms)
MONGODB g0_development['users'].find({:_id=>BSON::ObjectId('4de0b78404b2ef0edc000001')})
MONGODB g0_development['users'].find({:_id=>BSON::ObjectId('4de0b78404b2ef0edc000001')})
MONGODB g0_development['ustatistics'].find({:_id=>BSON::ObjectId('4de0b78404b2ef0edc000002')})
MONGODB g0_development['$cmd'].find({"count"=>"scans", "query"=>{}, "fields"=>nil})
MONGODB g0_development['$cmd'].find({"count"=>"moves", "query"=>{}, "fields"=>nil})
MONGODB g0_development['$cmd'].find({"count"=>"grasp_records", "query"=>{}, "fields"=>nil})
MONGODB g0_development['$cmd'].find({"count"=>"lib_companies", "query"=>{}, "fields"=>nil})
Rendered shared/_adminbar.html.erb (0.0ms)
Rendered shared/_float_show.html.erb (0.0ms)
Rendered scans/scaninfo.html.erb within layouts/admin (62.5ms)
Completed 200 OK in 78ms (Views: 62.5ms)


Started GET "/admin/moveinfo" for 127.0.0.1 at 2011-05-28 21:14:25 +0800
  Processing by AdminController#moveinfo as HTML
MONGODB g0_development['$cmd'].find({"count"=>"moves", "query"=>{}, "fields"=>nil})
MONGODB g0_development['moves'].find({}).limit(20).sort([[:created_at, :desc]])
Rendered shared/_html_header.erb (0.0ms)
MONGODB g0_development['users'].find({:_id=>BSON::ObjectId('4de0b78404b2ef0edc000001')})
MONGODB g0_development['users'].find({:_id=>BSON::ObjectId('4de0b78404b2ef0edc000001')})
MONGODB g0_development['ustatistics'].find({:_id=>BSON::ObjectId('4de0b78404b2ef0edc000002')})
MONGODB g0_development['$cmd'].find({"count"=>"scans", "query"=>{}, "fields"=>nil})
MONGODB g0_development['$cmd'].find({"count"=>"moves", "query"=>{}, "fields"=>nil})
MONGODB g0_development['$cmd'].find({"count"=>"grasp_records", "query"=>{}, "fields"=>nil})
MONGODB g0_development['$cmd'].find({"count"=>"lib_companies", "query"=>{}, "fields"=>nil})
Rendered shared/_adminbar.html.erb (0.0ms)
Rendered shared/_float_show.html.erb (0.0ms)
Rendered admin/moveinfo.html.erb within layouts/admin (46.9ms)
Completed 200 OK in 62ms (Views: 46.9ms)


Started GET "/admin/hourscaninfo" for 127.0.0.1 at 2011-05-28 21:14:28 +0800
  Processing by AdminController#hourscaninfo as HTML
MONGODB g0_development['$cmd'].find({"count"=>"hour_data", "query"=>{}, "fields"=>nil})
MONGODB g0_development['hour_data'].find({}).limit(20).sort([[:created_at, :desc]])
Rendered shared/_html_header.erb (0.0ms)
MONGODB g0_development['users'].find({:_id=>BSON::ObjectId('4de0b78404b2ef0edc000001')})
MONGODB g0_development['users'].find({:_id=>BSON::ObjectId('4de0b78404b2ef0edc000001')})
MONGODB g0_development['ustatistics'].find({:_id=>BSON::ObjectId('4de0b78404b2ef0edc000002')})
MONGODB g0_development['$cmd'].find({"count"=>"scans", "query"=>{}, "fields"=>nil})
MONGODB g0_development['$cmd'].find({"count"=>"moves", "query"=>{}, "fields"=>nil})
MONGODB g0_development['$cmd'].find({"count"=>"grasp_records", "query"=>{}, "fields"=>nil})
MONGODB g0_development['$cmd'].find({"count"=>"lib_companies", "query"=>{}, "fields"=>nil})
Rendered shared/_adminbar.html.erb (0.0ms)
Rendered shared/_float_show.html.erb (0.0ms)
Rendered admin/hourscaninfo.html.erb within layouts/admin (46.9ms)
Completed 200 OK in 62ms (Views: 46.9ms)


Started GET "/admin/tf56grasp" for 127.0.0.1 at 2011-05-28 21:14:31 +0800
  Processing by AdminController#tf56grasp as HTML
MONGODB g0_development['$cmd'].find({"count"=>"grasp_records", "query"=>{:from_site=>"tf56"}, "fields"=>nil})
MONGODB g0_development['grasp_records'].find({:from_site=>"tf56"}).limit(20).sort([[:created_at, :desc]])
Rendered shared/_html_header.erb (15.6ms)
MONGODB g0_development['users'].find({:_id=>BSON::ObjectId('4de0b78404b2ef0edc000001')})
MONGODB g0_development['users'].find({:_id=>BSON::ObjectId('4de0b78404b2ef0edc000001')})
MONGODB g0_development['ustatistics'].find({:_id=>BSON::ObjectId('4de0b78404b2ef0edc000002')})
MONGODB g0_development['$cmd'].find({"count"=>"scans", "query"=>{}, "fields"=>nil})
MONGODB g0_development['$cmd'].find({"count"=>"moves", "query"=>{}, "fields"=>nil})
MONGODB g0_development['$cmd'].find({"count"=>"grasp_records", "query"=>{}, "fields"=>nil})
MONGODB g0_development['$cmd'].find({"count"=>"lib_companies", "query"=>{}, "fields"=>nil})
Rendered shared/_adminbar.html.erb (0.0ms)
Rendered shared/_float_show.html.erb (0.0ms)
Rendered admin/grasp.html.erb within layouts/admin (46.9ms)
Completed 200 OK in 172ms (Views: 46.9ms)


Started GET "/admin/quzhougrasp" for 127.0.0.1 at 2011-05-28 21:14:34 +0800
  Processing by AdminController#quzhougrasp as HTML
MONGODB g0_development['$cmd'].find({"count"=>"grasp_records", "query"=>{:from_site=>"quzhou"}, "fields"=>nil})
MONGODB g0_development['grasp_records'].find({:from_site=>"quzhou"}).limit(20).sort([[:created_at, :desc]])
Rendered shared/_html_header.erb (15.6ms)
MONGODB g0_development['users'].find({:_id=>BSON::ObjectId('4de0b78404b2ef0edc000001')})
MONGODB g0_development['users'].find({:_id=>BSON::ObjectId('4de0b78404b2ef0edc000001')})
MONGODB g0_development['ustatistics'].find({:_id=>BSON::ObjectId('4de0b78404b2ef0edc000002')})
MONGODB g0_development['$cmd'].find({"count"=>"scans", "query"=>{}, "fields"=>nil})
MONGODB g0_development['$cmd'].find({"count"=>"moves", "query"=>{}, "fields"=>nil})
MONGODB g0_development['$cmd'].find({"count"=>"grasp_records", "query"=>{}, "fields"=>nil})
MONGODB g0_development['$cmd'].find({"count"=>"lib_companies", "query"=>{}, "fields"=>nil})
Rendered shared/_adminbar.html.erb (15.6ms)
Rendered shared/_float_show.html.erb (0.0ms)
Rendered admin/grasp.html.erb within layouts/admin (31.2ms)
Completed 200 OK in 141ms (Views: 46.9ms)


Started GET "/lib_companies" for 127.0.0.1 at 2011-05-28 21:14:37 +0800
  Processing by LibCompaniesController#index as HTML
MONGODB g0_development['$cmd'].find({"count"=>"lib_companies", "query"=>{}, "fields"=>nil})
MONGODB g0_development['lib_companies'].find({}).limit(500).sort([[:updated_at, :desc]])
MONGODB g0_development['$cmd'].find({"count"=>"lib_companies", "query"=>{}, "fields"=>nil})
Rendered shared/_html_header.erb (15.6ms)
MONGODB g0_development['users'].find({:_id=>BSON::ObjectId('4de0b78404b2ef0edc000001')})
MONGODB g0_development['users'].find({:_id=>BSON::ObjectId('4de0b78404b2ef0edc000001')})
MONGODB g0_development['ustatistics'].find({:_id=>BSON::ObjectId('4de0b78404b2ef0edc000002')})
MONGODB g0_development['$cmd'].find({"count"=>"scans", "query"=>{}, "fields"=>nil})
MONGODB g0_development['$cmd'].find({"count"=>"moves", "query"=>{}, "fields"=>nil})
MONGODB g0_development['$cmd'].find({"count"=>"grasp_records", "query"=>{}, "fields"=>nil})
MONGODB g0_development['$cmd'].find({"count"=>"lib_companies", "query"=>{}, "fields"=>nil})
Rendered shared/_adminbar.html.erb (0.0ms)
Rendered shared/_float_show.html.erb (0.0ms)
Rendered lib_companies/index.html.erb within layouts/admin (218.8ms)
Completed 200 OK in 469ms (Views: 218.8ms)


Started GET "/admin/" for 127.0.0.1 at 2011-05-28 21:14:41 +0800
  Processing by AdminController#index as HTML
MONGODB g0_development['$cmd'].find({"count"=>"cargos", "query"=>{:created_at=>{"$lte"=>2011-05-28 13:14:44 UTC, "$gte"=>2011-05-27 13:14:44 UTC}}, "fields"=>nil})
MONGODB g0_development['$cmd'].find({"count"=>"trucks", "query"=>{:created_at=>{"$lte"=>2011-05-28 13:14:44 UTC, "$gte"=>2011-05-27 13:14:44 UTC}}, "fields"=>nil})
MONGODB g0_development['$cmd'].find({"count"=>"quotes", "query"=>{:created_at=>{"$lte"=>2011-05-28 13:14:44 UTC, "$gte"=>2011-05-27 13:14:44 UTC}}, "fields"=>nil})
MONGODB g0_development['$cmd'].find({"count"=>"inqueries", "query"=>{:created_at=>{"$lte"=>2011-05-28 13:14:44 UTC, "$gte"=>2011-05-27 13:14:44 UTC}}, "fields"=>nil})
MONGODB g0_development['$cmd'].find({"count"=>"users", "query"=>{:created_at=>{"$lte"=>2011-05-28 13:14:44 UTC, "$gte"=>2011-05-27 13:14:44 UTC}}, "fields"=>nil})
MONGODB g0_development['$cmd'].find({"count"=>"companies", "query"=>{:created_at=>{"$lte"=>2011-05-28 13:14:44 UTC, "$gte"=>2011-05-27 13:14:44 UTC}}, "fields"=>nil})
MONGODB g0_development['$cmd'].find({"count"=>"cargos", "query"=>{:created_at=>{"$lte"=>2011-05-27 13:14:44 UTC, "$gte"=>2011-05-26 13:14:44 UTC}}, "fields"=>nil})
MONGODB g0_development['$cmd'].find({"count"=>"trucks", "query"=>{:created_at=>{"$lte"=>2011-05-27 13:14:44 UTC, "$gte"=>2011-05-26 13:14:44 UTC}}, "fields"=>nil})
MONGODB g0_development['$cmd'].find({"count"=>"quotes", "query"=>{:created_at=>{"$lte"=>2011-05-27 13:14:44 UTC, "$gte"=>2011-05-26 13:14:44 UTC}}, "fields"=>nil})
MONGODB g0_development['$cmd'].find({"count"=>"inqueries", "query"=>{:created_at=>{"$lte"=>2011-05-27 13:14:44 UTC, "$gte"=>2011-05-26 13:14:44 UTC}}, "fields"=>nil})
MONGODB g0_development['$cmd'].find({"count"=>"users", "query"=>{:created_at=>{"$lte"=>2011-05-27 13:14:44 UTC, "$gte"=>2011-05-26 13:14:44 UTC}}, "fields"=>nil})
MONGODB g0_development['$cmd'].find({"count"=>"companies", "query"=>{:created_at=>{"$lte"=>2011-05-27 13:14:44 UTC, "$gte"=>2011-05-26 13:14:44 UTC}}, "fields"=>nil})
MONGODB g0_development['$cmd'].find({"count"=>"users", "query"=>{}, "fields"=>nil})
MONGODB g0_development['$cmd'].find({"count"=>"companies", "query"=>{}, "fields"=>nil})
MONGODB g0_development['$cmd'].find({"count"=>"cargos", "query"=>{}, "fields"=>nil})
MONGODB g0_development['$cmd'].find({"count"=>"cargos", "query"=>{:status=>"正在配车"}, "fields"=>nil})
MONGODB g0_development['$cmd'].find({"count"=>"trucks", "query"=>{}, "fields"=>nil})
MONGODB g0_development['$cmd'].find({"count"=>"trucks", "query"=>{:status=>"正在配货"}, "fields"=>nil})
MONGODB g0_development['$cmd'].find({"count"=>"expired_cargos", "query"=>{}, "fields"=>nil})
MONGODB g0_development['$cmd'].find({"count"=>"expired_trucks", "query"=>{}, "fields"=>nil})
Rendered shared/_html_header.erb (15.6ms)
MONGODB g0_development['users'].find({:_id=>BSON::ObjectId('4de0b78404b2ef0edc000001')})
MONGODB g0_development['users'].find({:_id=>BSON::ObjectId('4de0b78404b2ef0edc000001')})
MONGODB g0_development['ustatistics'].find({:_id=>BSON::ObjectId('4de0b78404b2ef0edc000002')})
MONGODB g0_development['$cmd'].find({"count"=>"scans", "query"=>{}, "fields"=>nil})
MONGODB g0_development['$cmd'].find({"count"=>"moves", "query"=>{}, "fields"=>nil})
MONGODB g0_development['$cmd'].find({"count"=>"grasp_records", "query"=>{}, "fields"=>nil})
MONGODB g0_development['$cmd'].find({"count"=>"lib_companies", "query"=>{}, "fields"=>nil})
Rendered shared/_adminbar.html.erb (15.6ms)
Rendered shared/_float_show.html.erb (0.0ms)
Rendered admin/index.html.erb within layouts/admin (93.8ms)
Completed 200 OK in 109ms (Views: 93.8ms)


Started GET "/" for 127.0.0.1 at 2011-05-28 21:14:50 +0800
  Processing by CargosController#search as HTML
MONGODB g0_development['searches'].insert([{"_id"=>BSON::ObjectId('4de0f54c04b2ef0ce8000002'), "fcity_code"=>"100000000000", "fcity_name"=>"出发地选择", "tcity_name"=>"到达地选择", "tcity_code"=>"100000000000", "updated_at"=>2011-05-28 13:14:52 UTC, "created_at"=>2011-05-28 13:14:52 UTC}])
MONGODB g0_development['$cmd'].find({"count"=>"cargos", "query"=>{:status=>"正在配车"}, "fields"=>nil})
MONGODB g0_development['cargos'].find({:status=>"正在配车"}).limit(20).sort([[:updated_at, :desc]])
Rendered cargos/_cargolist.html.erb (375.0ms)
Rendered shared/_html_header.erb (15.6ms)
MONGODB g0_development['users'].find({:_id=>BSON::ObjectId('4de0b78404b2ef0edc000001')})
MONGODB g0_development['users'].find({:_id=>BSON::ObjectId('4de0b78404b2ef0edc000001')})
MONGODB g0_development['ustatistics'].find({:_id=>BSON::ObjectId('4de0b78404b2ef0edc000002')})
MONGODB g0_development['$cmd'].find({"count"=>"cargos", "query"=>{:status=>"正在配车"}, "fields"=>nil})
MONGODB g0_development['$cmd'].find({"count"=>"trucks", "query"=>{:status=>"正在配货"}, "fields"=>nil})
Rendered shared/_navibar.html.erb (62.5ms)
Rendered shared/_float_show.html.erb (0.0ms)
Rendered cargos/search.html.erb within layouts/public (468.8ms)
Completed 200 OK in 547ms (Views: 531.2ms)


Started GET "/trucks/search/100000000000/100000000000/1" for 127.0.0.1 at 2011-05-28 21:14:55 +0800
  Processing by TrucksController#search as HTML
  Parameters: {"from"=>"100000000000", "to"=>"100000000000", "page"=>"1"}
MONGODB g0_development['searches'].insert([{"_id"=>BSON::ObjectId('4de0f55104b2ef0ce8000003'), "fcity_code"=>"100000000000", "fcity_name"=>nil, "tcity_code"=>"100000000000", "tcity_name"=>nil, "updated_at"=>2011-05-28 13:14:57 UTC, "created_at"=>2011-05-28 13:14:57 UTC}])
MONGODB g0_development['$cmd'].find({"count"=>"trucks", "query"=>{:status=>"正在配货"}, "fields"=>nil})
MONGODB g0_development['trucks'].find({:status=>"正在配货"}).limit(20).sort([[:updated_at, :desc]])
Rendered trucks/_trucklist.html.erb (93.8ms)
Rendered trucks/search.html.erb (109.4ms)
Completed 200 OK in 125ms (Views: 125.0ms)


Started GET "/cargos/search/100000000000/100000000000/1" for 127.0.0.1 at 2011-05-28 21:14:58 +0800
  Processing by CargosController#search as HTML
  Parameters: {"from"=>"100000000000", "to"=>"100000000000", "page"=>"1"}
MONGODB g0_development['searches'].insert([{"_id"=>BSON::ObjectId('4de0f55504b2ef0ce8000004'), "fcity_code"=>"100000000000", "fcity_name"=>nil, "tcity_code"=>"100000000000", "tcity_name"=>nil, "updated_at"=>2011-05-28 13:15:01 UTC, "created_at"=>2011-05-28 13:15:01 UTC}])
MONGODB g0_development['$cmd'].find({"count"=>"cargos", "query"=>{:status=>"正在配车"}, "fields"=>nil})
MONGODB g0_development['cargos'].find({:status=>"正在配车"}).limit(20).sort([[:updated_at, :desc]])
Rendered cargos/_cargolist.html.erb (359.4ms)
Rendered cargos/search.html.erb (375.0ms)
Completed 200 OK in 375ms (Views: 375.0ms)


Started GET "/users/4de0b78404b2ef0edc000001/cargos/" for 127.0.0.1 at 2011-05-28 21:15:02 +0800
  Processing by CargosController#index as HTML
  Parameters: {"user_id"=>"4de0b78404b2ef0edc000001"}
MONGODB g0_development['$cmd'].find({"count"=>"cargos", "query"=>{:user_id=>BSON::ObjectId('4de0b78404b2ef0edc000001')}, "fields"=>nil})
MONGODB g0_development['cargos'].find({:user_id=>BSON::ObjectId('4de0b78404b2ef0edc000001')}).limit(20).sort([[:updated_at, :desc]])
Rendered cargos/_list.html.erb (0.0ms)
Rendered cargos/_cargonavi.html.erb (15.6ms)
Rendered cargos/index.html.erb (15.6ms)
Completed 200 OK in 156ms (Views: 31.3ms)


Started GET "/users/4de0b78404b2ef0edc000001/stock_cargos" for 127.0.0.1 at 2011-05-28 21:15:07 +0800
  Processing by StockCargosController#index as HTML
  Parameters: {"user_id"=>"4de0b78404b2ef0edc000001"}
session[:user_id]=4de0b78404b2ef0edc000001
MONGODB g0_development['$cmd'].find({"count"=>"stock_cargos", "query"=>{:user_id=>BSON::ObjectId('4de0b78404b2ef0edc000001')}, "fields"=>nil})
MONGODB g0_development['stock_cargos'].find({:user_id=>BSON::ObjectId('4de0b78404b2ef0edc000001')}).limit(20)
Rendered stock_cargos/index.html.erb (0.0ms)
Completed 200 OK in 16ms (Views: 0.0ms)


Started GET "/users/4de0b78404b2ef0edc000001/trucks" for 127.0.0.1 at 2011-05-28 21:15:11 +0800
  Processing by TrucksController#index as HTML
  Parameters: {"user_id"=>"4de0b78404b2ef0edc000001"}
MONGODB g0_development['$cmd'].find({"count"=>"trucks", "query"=>{:user_id=>BSON::ObjectId('4de0b78404b2ef0edc000001')}, "fields"=>nil})
MONGODB g0_development['trucks'].find({:user_id=>BSON::ObjectId('4de0b78404b2ef0edc000001')}).limit(20).sort([[:updated_at, :desc]])
Rendered trucks/_list.html.erb (0.0ms)
MONGODB g0_development['ustatistics'].find({:user_id=>BSON::ObjectId('4de0b78404b2ef0edc000001')})
Rendered trucks/_trucknavi.html.erb (0.0ms)
Rendered trucks/index.html.erb (15.6ms)
Completed 200 OK in 62ms (Views: 15.6ms)


Started GET "/users/4de0b78404b2ef0edc000001/stock_trucks" for 127.0.0.1 at 2011-05-28 21:15:14 +0800
  Processing by StockTrucksController#index as HTML
  Parameters: {"user_id"=>"4de0b78404b2ef0edc000001"}
MONGODB g0_development['$cmd'].find({"count"=>"stock_trucks", "query"=>{:user_id=>BSON::ObjectId('4de0b78404b2ef0edc000001')}, "fields"=>nil})
MONGODB g0_development['stock_trucks'].find({:user_id=>BSON::ObjectId('4de0b78404b2ef0edc000001')}).limit(5).sort([[:created_at, :desc]])
Rendered stock_trucks/index.html.erb (0.0ms)
Completed 200 OK in 16ms (Views: 0.0ms)


Started GET "/stock_trucks/new" for 127.0.0.1 at 2011-05-28 21:15:22 +0800
  Processing by StockTrucksController#new as HTML
MONGODB g0_development['users'].find({:_id=>BSON::ObjectId('4de0b78404b2ef0edc000001')})
Rendered stock_trucks/_form.html.erb (46.9ms)
Rendered stock_trucks/new.html.erb (171.9ms)
Completed 200 OK in 188ms (Views: 187.5ms)


Started GET "/users/4de0b78404b2ef0edc000001/companies/new" for 127.0.0.1 at 2011-05-28 21:15:35 +0800
  Processing by CompaniesController#new as HTML
  Parameters: {"user_id"=>"4de0b78404b2ef0edc000001"}
MONGODB g0_development['users'].find({:_id=>BSON::ObjectId('4de0b78404b2ef0edc000001')})
MONGODB g0_development['user_contacts'].find({:user_id=>BSON::ObjectId('4de0b78404b2ef0edc000001')})
Rendered companies/_form.html.erb (15.6ms)
Rendered shared/_html_header.erb (15.6ms)
MONGODB g0_development['users'].find({:_id=>BSON::ObjectId('4de0b78404b2ef0edc000001')})
Rendered users/_user_annoucement.html.erb (0.0ms)
Rendered shared/_float_show.html.erb (0.0ms)
Rendered companies/new.html.erb within layouts/users (46.9ms)
Completed 200 OK in 62ms (Views: 62.5ms)


Started GET "/" for 127.0.0.1 at 2011-05-28 21:22:30 +0800
  Processing by CargosController#search as HTML
MONGODB g0_development['searches'].insert([{"_id"=>BSON::ObjectId('4de0f71904b2ef0ce8000007'), "fcity_code"=>"100000000000", "fcity_name"=>"出发地选择", "tcity_name"=>"到达地选择", "tcity_code"=>"100000000000", "updated_at"=>2011-05-28 13:22:33 UTC, "created_at"=>2011-05-28 13:22:33 UTC}])
MONGODB g0_development['$cmd'].find({"count"=>"cargos", "query"=>{:status=>"正在配车"}, "fields"=>nil})
MONGODB g0_development['cargos'].find({:status=>"正在配车"}).limit(20).sort([[:updated_at, :desc]])
Rendered cargos/_cargolist.html.erb (390.6ms)
Rendered shared/_html_header.erb (15.6ms)
MONGODB g0_development['users'].find({:_id=>BSON::ObjectId('4de0b78404b2ef0edc000001')})
MONGODB g0_development['users'].find({:_id=>BSON::ObjectId('4de0b78404b2ef0edc000001')})
MONGODB g0_development['ustatistics'].find({:_id=>BSON::ObjectId('4de0b78404b2ef0edc000002')})
MONGODB g0_development['$cmd'].find({"count"=>"cargos", "query"=>{:status=>"正在配车"}, "fields"=>nil})
MONGODB g0_development['$cmd'].find({"count"=>"trucks", "query"=>{:status=>"正在配货"}, "fields"=>nil})
Rendered shared/_navibar.html.erb (62.5ms)
Rendered shared/_float_show.html.erb (0.0ms)
Rendered cargos/search.html.erb within layouts/public (468.8ms)
Completed 200 OK in 484ms (Views: 484.4ms)


Started GET "/users/4de0b78404b2ef0edc000001/cargos/" for 127.0.0.1 at 2011-05-28 21:38:02 +0800
  Processing by CargosController#index as HTML
  Parameters: {"user_id"=>"4de0b78404b2ef0edc000001"}
MONGODB g0_development['$cmd'].find({"count"=>"cargos", "query"=>{:user_id=>BSON::ObjectId('4de0b78404b2ef0edc000001')}, "fields"=>nil})
MONGODB g0_development['cargos'].find({:user_id=>BSON::ObjectId('4de0b78404b2ef0edc000001')}).limit(20).sort([[:updated_at, :desc]])
Rendered cargos/_list.html.erb (0.0ms)
Rendered cargos/_cargonavi.html.erb (15.6ms)
Rendered cargos/index.html.erb (15.6ms)
Completed 200 OK in 156ms (Views: 31.2ms)


Started GET "/trucks/search/100000000000/100000000000/1" for 127.0.0.1 at 2011-05-28 21:38:06 +0800
  Processing by TrucksController#search as HTML
  Parameters: {"from"=>"100000000000", "to"=>"100000000000", "page"=>"1"}
MONGODB g0_development['searches'].insert([{"_id"=>BSON::ObjectId('4de0fac004b2ef0ce8000008'), "fcity_code"=>"100000000000", "fcity_name"=>nil, "tcity_code"=>"100000000000", "tcity_name"=>nil, "updated_at"=>2011-05-28 13:38:08 UTC, "created_at"=>2011-05-28 13:38:08 UTC}])
MONGODB g0_development['$cmd'].find({"count"=>"trucks", "query"=>{:status=>"正在配货"}, "fields"=>nil})
MONGODB g0_development['trucks'].find({:status=>"正在配货"}).limit(20).sort([[:updated_at, :desc]])
Rendered trucks/_trucklist.html.erb (93.8ms)
Rendered trucks/search.html.erb (109.4ms)
Completed 200 OK in 188ms (Views: 171.9ms)
