

Started GET "/mail_accounts/index/test" for 127.0.0.1 at 2011-05-31 21:48:36 +0800
  Processing by MailAccountsController#index as HTML
  Parameters: {"test_mail"=>"test"}
MONGODB g0_development['mail_accounts'].find({:username=>"w090.001"})
MONGODB g0_development['mail_accounts'].find({})
Rendered shared/_html_header.erb (15.6ms)
MONGODB g0_development['users'].find({:_id=>BSON::ObjectId('4de0b78404b2ef0edc000001')})
MONGODB g0_development['users'].find({:_id=>BSON::ObjectId('4de0b78404b2ef0edc000001')})
MONGODB g0_development['ustatistics'].find({:_id=>BSON::ObjectId('4de0b78404b2ef0edc000002')})
MONGODB g0_development['$cmd'].find({"count"=>"scans", "query"=>{}, "fields"=>nil})
MONGODB g0_development['$cmd'].find({"count"=>"moves", "query"=>{}, "fields"=>nil})
MONGODB g0_development['$cmd'].find({"count"=>"grasp_records", "query"=>{}, "fields"=>nil})
MONGODB g0_development['$cmd'].find({"count"=>"lib_companies", "query"=>{}, "fields"=>nil})
Rendered shared/_adminbar.html.erb (0.0ms)
Rendered shared/_float_show.html.erb (0.0ms)
Rendered mail_accounts/index.html.erb within layouts/admin (62.5ms)
Completed 200 OK in 78ms (Views: 78.1ms)


Started GET "/mail_accounts" for 127.0.0.1 at 2011-05-31 21:49:37 +0800
  Processing by MailAccountsController#index as HTML
MONGODB g0_development['mail_accounts'].find({:username=>"w090.001"})
MONGODB g0_development['mail_accounts'].find({})
Rendered shared/_html_header.erb (15.6ms)
MONGODB g0_development['users'].find({:_id=>BSON::ObjectId('4de0b78404b2ef0edc000001')})
MONGODB g0_development['users'].find({:_id=>BSON::ObjectId('4de0b78404b2ef0edc000001')})
MONGODB g0_development['ustatistics'].find({:_id=>BSON::ObjectId('4de0b78404b2ef0edc000002')})
MONGODB g0_development['$cmd'].find({"count"=>"scans", "query"=>{}, "fields"=>nil})
MONGODB g0_development['$cmd'].find({"count"=>"moves", "query"=>{}, "fields"=>nil})
MONGODB g0_development['$cmd'].find({"count"=>"grasp_records", "query"=>{}, "fields"=>nil})
MONGODB g0_development['$cmd'].find({"count"=>"lib_companies", "query"=>{}, "fields"=>nil})
Rendered shared/_adminbar.html.erb (15.6ms)
Rendered shared/_float_show.html.erb (0.0ms)
Rendered mail_accounts/index.html.erb within layouts/admin (125.0ms)
Completed 200 OK in 141ms (Views: 140.6ms)


Started GET "/mail_accounts" for 127.0.0.1 at 2011-05-31 21:51:18 +0800
  Processing by MailAccountsController#index as HTML
MONGODB g0_development['mail_accounts'].find({:username=>"w090.001"})
MONGODB g0_development['mail_accounts'].find({})
Rendered shared/_html_header.erb (15.6ms)
MONGODB g0_development['users'].find({:_id=>BSON::ObjectId('4de0b78404b2ef0edc000001')})
MONGODB g0_development['users'].find({:_id=>BSON::ObjectId('4de0b78404b2ef0edc000001')})
MONGODB g0_development['ustatistics'].find({:_id=>BSON::ObjectId('4de0b78404b2ef0edc000002')})
MONGODB g0_development['$cmd'].find({"count"=>"scans", "query"=>{}, "fields"=>nil})
MONGODB g0_development['$cmd'].find({"count"=>"moves", "query"=>{}, "fields"=>nil})
MONGODB g0_development['$cmd'].find({"count"=>"grasp_records", "query"=>{}, "fields"=>nil})
MONGODB g0_development['$cmd'].find({"count"=>"lib_companies", "query"=>{}, "fields"=>nil})
Rendered shared/_adminbar.html.erb (0.0ms)
Rendered shared/_float_show.html.erb (0.0ms)
Rendered mail_accounts/index.html.erb within layouts/admin (62.5ms)
Completed 200 OK in 78ms (Views: 78.1ms)


Started GET "/mail_accounts/index/test" for 127.0.0.1 at 2011-05-31 21:52:01 +0800
  Processing by MailAccountsController#index as HTML
  Parameters: {"test_mail"=>"test"}
MONGODB g0_development['mail_accounts'].find({:username=>"w090.001"})
params[:test_mail]=test
MONGODB g0_development['mail_accounts'].find({})
sent out email w090.001
Completed   in 31906ms

Net::SMTPAuthenticationError (535-5.7.1 Username and Password not accepted. Learn more at                   
):
  app/helpers/mail_accounts_helper.rb:44:in `block in batch_insert_gmail_account'
  app/helpers/mail_accounts_helper.rb:35:in `batch_insert_gmail_account'
  app/controllers/mail_accounts_controller.rb:7:in `index'


Rendered c:/Ruby192/lib/ruby/gems/1.9.1/gems/actionpack-3.0.7/lib/action_dispatch/middleware/templates/rescues/_trace.erb (0.0ms)
Rendered c:/Ruby192/lib/ruby/gems/1.9.1/gems/actionpack-3.0.7/lib/action_dispatch/middleware/templates/rescues/_request_and_response.erb (0.0ms)
Rendered c:/Ruby192/lib/ruby/gems/1.9.1/gems/actionpack-3.0.7/lib/action_dispatch/middleware/templates/rescues/diagnostics.erb within rescues/layout (31.2ms)


Started GET "/mail_accounts" for 127.0.0.1 at 2011-05-31 21:54:09 +0800
  Processing by MailAccountsController#index as HTML
MONGODB g0_development['mail_accounts'].find({:username=>"w090.001"})
MONGODB g0_development['mail_accounts'].insert([{"address"=>"smtp.gmail.com", "username"=>"w090.016", "password"=>"11102008", "port"=>"587", "authentication"=>"plain", "enable_startttls"=>true, "_id"=>BSON::ObjectId('4de4f30404b2ef042c000096')}])
MONGODB g0_development['mail_accounts'].insert([{"address"=>"smtp.gmail.com", "username"=>"w090.015", "password"=>"11102008", "port"=>"587", "authentication"=>"plain", "enable_startttls"=>true, "_id"=>BSON::ObjectId('4de4f30404b2ef042c000097')}])
MONGODB g0_development['mail_accounts'].insert([{"address"=>"smtp.gmail.com", "username"=>"w090.014", "password"=>"11102008", "port"=>"587", "authentication"=>"plain", "enable_startttls"=>true, "_id"=>BSON::ObjectId('4de4f30404b2ef042c000098')}])
MONGODB g0_development['mail_accounts'].insert([{"address"=>"smtp.gmail.com", "username"=>"w090.013", "password"=>"11102008", "port"=>"587", "authentication"=>"plain", "enable_startttls"=>true, "_id"=>BSON::ObjectId('4de4f30404b2ef042c000099')}])
MONGODB g0_development['mail_accounts'].insert([{"address"=>"smtp.gmail.com", "username"=>"w090.012", "password"=>"11102008", "port"=>"587", "authentication"=>"plain", "enable_startttls"=>true, "_id"=>BSON::ObjectId('4de4f30404b2ef042c00009a')}])
MONGODB g0_development['mail_accounts'].insert([{"address"=>"smtp.gmail.com", "username"=>"w090.011", "password"=>"11102008", "port"=>"587", "authentication"=>"plain", "enable_startttls"=>true, "_id"=>BSON::ObjectId('4de4f30404b2ef042c00009b')}])
MONGODB g0_development['mail_accounts'].insert([{"address"=>"smtp.gmail.com", "username"=>"w090.010", "password"=>"11102008", "port"=>"587", "authentication"=>"plain", "enable_startttls"=>true, "_id"=>BSON::ObjectId('4de4f30404b2ef042c00009c')}])
MONGODB g0_development['mail_accounts'].insert([{"address"=>"smtp.gmail.com", "username"=>"w090.009", "password"=>"11102008", "port"=>"587", "authentication"=>"plain", "enable_startttls"=>true, "_id"=>BSON::ObjectId('4de4f30404b2ef042c00009d')}])
MONGODB g0_development['mail_accounts'].insert([{"address"=>"smtp.gmail.com", "username"=>"w090.008", "password"=>"11102008", "port"=>"587", "authentication"=>"plain", "enable_startttls"=>true, "_id"=>BSON::ObjectId('4de4f30404b2ef042c00009e')}])
MONGODB g0_development['mail_accounts'].insert([{"address"=>"smtp.gmail.com", "username"=>"w090.007", "password"=>"11102008", "port"=>"587", "authentication"=>"plain", "enable_startttls"=>true, "_id"=>BSON::ObjectId('4de4f30404b2ef042c00009f')}])
MONGODB g0_development['mail_accounts'].insert([{"address"=>"smtp.gmail.com", "username"=>"w090.005", "password"=>"11102008", "port"=>"587", "authentication"=>"plain", "enable_startttls"=>true, "_id"=>BSON::ObjectId('4de4f30404b2ef042c0000a0')}])
MONGODB g0_development['mail_accounts'].insert([{"address"=>"smtp.gmail.com", "username"=>"w090.004", "password"=>"11102008", "port"=>"587", "authentication"=>"plain", "enable_startttls"=>true, "_id"=>BSON::ObjectId('4de4f30404b2ef042c0000a1')}])
MONGODB g0_development['mail_accounts'].insert([{"address"=>"smtp.gmail.com", "username"=>"w090.003", "password"=>"11102008", "port"=>"587", "authentication"=>"plain", "enable_startttls"=>true, "_id"=>BSON::ObjectId('4de4f30404b2ef042c0000a2')}])
MONGODB g0_development['mail_accounts'].insert([{"address"=>"smtp.gmail.com", "username"=>"w090.002", "password"=>"11102008", "port"=>"587", "authentication"=>"plain", "enable_startttls"=>true, "_id"=>BSON::ObjectId('4de4f30404b2ef042c0000a3')}])
MONGODB g0_development['mail_accounts'].insert([{"address"=>"smtp.gmail.com", "username"=>"w090.001", "password"=>"11102008", "port"=>"587", "authentication"=>"plain", "enable_startttls"=>true, "_id"=>BSON::ObjectId('4de4f30404b2ef042c0000a4')}])
params[:test_mail]=
MONGODB g0_development['mail_accounts'].find({})
Rendered shared/_html_header.erb (15.6ms)
MONGODB g0_development['users'].find({:_id=>BSON::ObjectId('4de0b78404b2ef0edc000001')})
MONGODB g0_development['users'].find({:_id=>BSON::ObjectId('4de0b78404b2ef0edc000001')})
MONGODB g0_development['ustatistics'].find({:_id=>BSON::ObjectId('4de0b78404b2ef0edc000002')})
MONGODB g0_development['$cmd'].find({"count"=>"scans", "query"=>{}, "fields"=>nil})
MONGODB g0_development['$cmd'].find({"count"=>"moves", "query"=>{}, "fields"=>nil})
MONGODB g0_development['$cmd'].find({"count"=>"grasp_records", "query"=>{}, "fields"=>nil})
MONGODB g0_development['$cmd'].find({"count"=>"lib_companies", "query"=>{}, "fields"=>nil})
Rendered shared/_adminbar.html.erb (0.0ms)
Rendered shared/_float_show.html.erb (0.0ms)
Rendered mail_accounts/index.html.erb within layouts/admin (62.5ms)
Completed 200 OK in 94ms (Views: 78.1ms)


Started GET "/mail_accounts/index/test" for 127.0.0.1 at 2011-05-31 21:54:18 +0800
  Processing by MailAccountsController#index as HTML
  Parameters: {"test_mail"=>"test"}
MONGODB g0_development['mail_accounts'].find({:username=>"w090.001"})
params[:test_mail]=test
MONGODB g0_development['mail_accounts'].find({})
sent out email w090.016
sent out email w090.015
sent out email w090.014
sent out email w090.013
sent out email w090.012
sent out email w090.011
sent out email w090.010
sent out email w090.009
sent out email w090.008
sent out email w090.007
sent out email w090.005
sent out email w090.004
sent out email w090.003
sent out email w090.002
sent out email w090.001
MONGODB g0_development['mail_accounts'].find({})
Rendered shared/_html_header.erb (0.0ms)
MONGODB g0_development['users'].find({:_id=>BSON::ObjectId('4de0b78404b2ef0edc000001')})
MONGODB g0_development['users'].find({:_id=>BSON::ObjectId('4de0b78404b2ef0edc000001')})
MONGODB g0_development['ustatistics'].find({:_id=>BSON::ObjectId('4de0b78404b2ef0edc000002')})
MONGODB g0_development['$cmd'].find({"count"=>"scans", "query"=>{}, "fields"=>nil})
MONGODB g0_development['$cmd'].find({"count"=>"moves", "query"=>{}, "fields"=>nil})
MONGODB g0_development['$cmd'].find({"count"=>"grasp_records", "query"=>{}, "fields"=>nil})
MONGODB g0_development['$cmd'].find({"count"=>"lib_companies", "query"=>{}, "fields"=>nil})
Rendered shared/_adminbar.html.erb (0.0ms)
Rendered shared/_float_show.html.erb (0.0ms)
Rendered mail_accounts/index.html.erb within layouts/admin (62.5ms)
Completed 200 OK in 465891ms (Views: 140.6ms)
